<?xml version="1.0" encoding="UTF-8"?>
<testsuite xmlns:xsi="http://www.w3.org/2001/XMLSchema-instance" xsi:noNamespaceSchemaLocation="https://maven.apache.org/surefire/maven-surefire-plugin/xsd/surefire-test-report.xsd" version="3.0.2" name="com.dnikitin.service.UserServiceTest" time="0.102" tests="5" errors="0" skipped="0" failures="0">
  <properties>
[...]
</properties>
  <testcase name="loginSuccessIfUserExists" classname="com.dnikitin.service.UserServiceTest" time="0.051">
    <system-out><![CDATA[Before all com.dnikitin.service.UserServiceTest@27e47833

Before each com.dnikitin.service.UserServiceTest@27e47833
After each com.dnikitin.service.UserServiceTest@27e47833

]]></system-out>
  </testcase>
  <testcase name="usersEmptyIfNoUsersAdded" classname="com.dnikitin.service.UserServiceTest" time="0.003">
    <system-out><![CDATA[Before each com.dnikitin.service.UserServiceTest@27e47833
Test1 com.dnikitin.service.UserServiceTest@27e47833
After each com.dnikitin.service.UserServiceTest@27e47833

]]></system-out>
  </testcase>
  <testcase name="UsersListCorrect" classname="com.dnikitin.service.UserServiceTest" time="0.008">
    <system-out><![CDATA[Before each com.dnikitin.service.UserServiceTest@27e47833
After each com.dnikitin.service.UserServiceTest@27e47833

]]></system-out>
  </testcase>
  <testcase name="throwsExceptionIfUserIsNull" classname="com.dnikitin.service.UserServiceTest" time="0.004">
    <system-out><![CDATA[Before each com.dnikitin.service.UserServiceTest@27e47833
After each com.dnikitin.service.UserServiceTest@27e47833

]]></system-out>
  </testcase>
  <testcase name="userSizeIfUserAdded" classname="com.dnikitin.service.UserServiceTest" time="0.004">
    <system-out><![CDATA[Before each com.dnikitin.service.UserServiceTest@27e47833
Test2 com.dnikitin.service.UserServiceTest@27e47833
After each com.dnikitin.service.UserServiceTest@27e47833

]]></system-out>
  </testcase>
</testsuite>